<?xml version="1.0" encoding="UTF-8"?>
<testsuite xmlns:xsi="http://www.w3.org/2001/XMLSchema-instance" xsi:noNamespaceSchemaLocation="https://maven.apache.org/surefire/maven-surefire-plugin/xsd/surefire-test-report-3.0.xsd" version="3.0" name="com.example.transaction.management.service.TransactionServiceTest" time="0.934" tests="14" errors="0" skipped="0" failures="0">
  <properties>
[...]
</properties>
  <testcase name="testDeleteTransactionFailure" classname="com.example.transaction.management.service.TransactionServiceTest" time="0.019">
    <system-out><![CDATA[18:07:27.866 [main] INFO org.springframework.test.context.support.AnnotationConfigContextLoaderUtils -- Could not detect default configuration classes for test class [com.example.transaction.management.service.TransactionServiceTest]: TransactionServiceTest does not declare any static, non-private, non-final, nested classes annotated with @Configuration.
18:07:27.908 [main] INFO org.springframework.boot.test.context.SpringBootTestContextBootstrapper -- Found @SpringBootConfiguration com.example.transaction.management.BankTransactionSystemApplication for test class com.example.transaction.management.service.TransactionServiceTest

  .   ____          _            __ _ _
 /\\ / ___'_ __ _ _(_)_ __  __ _ \ \ \ \
( ( )\___ | '_ | '_| | '_ \/ _` | \ \ \ \
 \\/  ___)| |_)| | | | | || (_| |  ) ) ) )
  '  |____| .__|_| |_|_| |_\__, | / / / /
 =========|_|==============|___/=/_/_/_/
 :: Spring Boot ::                (v3.1.5)

2025-01-10T18:07:28.041+08:00  INFO 43637 --- [           main] c.e.t.m.service.TransactionServiceTest   : Starting TransactionServiceTest using Java 21.0.5 with PID 43637 (started by jusfan in /Users/jusfan/about-server/Sifan-TransactionManagement)
2025-01-10T18:07:28.041+08:00  INFO 43637 --- [           main] c.e.t.m.service.TransactionServiceTest   : The following 1 profile is active: "test"
2025-01-10T18:07:28.482+08:00  INFO 43637 --- [           main] c.e.t.m.service.TransactionServiceTest   : Started TransactionServiceTest in 0.529 seconds (process running for 0.926)
]]></system-out>
  </testcase>
  <testcase name="testAddTransactionWithNullEntity" classname="com.example.transaction.management.service.TransactionServiceTest" time="0.003"/>
  <testcase name="testUpdateTransaction" classname="com.example.transaction.management.service.TransactionServiceTest" time="0.002"/>
  <testcase name="testFindTransactionsByPage" classname="com.example.transaction.management.service.TransactionServiceTest" time="0.004"/>
  <testcase name="testGetTransactionsWithPaginationEmpty" classname="com.example.transaction.management.service.TransactionServiceTest" time="0.005"/>
  <testcase name="testGetTransactionById" classname="com.example.transaction.management.service.TransactionServiceTest" time="0.002"/>
  <testcase name="testGetAllTransactionsEmpty" classname="com.example.transaction.management.service.TransactionServiceTest" time="0.001"/>
  <testcase name="testGetTransactionsWithPagination" classname="com.example.transaction.management.service.TransactionServiceTest" time="0.001"/>
  <testcase name="testGetAllTransactions" classname="com.example.transaction.management.service.TransactionServiceTest" time="0.001"/>
  <testcase name="testDeleteTransaction" classname="com.example.transaction.management.service.TransactionServiceTest" time="0.001"/>
  <testcase name="testGetTransactionByIdNotFound" classname="com.example.transaction.management.service.TransactionServiceTest" time="0.001"/>
  <testcase name="testFindTransactionsByPageEmpty" classname="com.example.transaction.management.service.TransactionServiceTest" time="0.001"/>
  <testcase name="testAddTransaction" classname="com.example.transaction.management.service.TransactionServiceTest" time="0.001"/>
  <testcase name="testUpdateTransactionWithInvalidInput" classname="com.example.transaction.management.service.TransactionServiceTest" time="0.001"/>
</testsuite>